Date/Time:       2022-08-06 21:28:30 
Command line:    /Users/gospellekia/DynamoGas/venv/bin/briefcase dev

OS Release:      Darwin 21.3.0
OS Version:      Darwin Kernel Version 21.3.0: Wed Jan  5 21:37:58 PST 2022; root:xnu-8019.80.24~20/RELEASE_X86_64
Architecture:    x86_64
Platform:        macOS-10.16-x86_64-i386-64bit

Python exe:      /Users/gospellekia/DynamoGas/venv/bin/python3
Python version:  3.9.9 (main, Dec  3 2021, 10:42:08)  [Clang 10.0.1 (clang-1001.0.46.4)]
Virtual env:     True
Conda env:       False

Briefcase:       0.3.8
Target platform: macOS
Target format:   None

Environment Variables:
    GOPATH=/Users/gospellekia/go
    HOME=/Users/gospellekia
    JAVA_8_HOME=/Library/Java/JavaVirtualMachines/jdk1.8.0_321.jdk/Contents/Home
    LC_CTYPE=UTF-8
    LESS=-R
    LOGNAME=gospellekia
    LSCOLORS=Gxfxcxdxbxegedabagacad
    OLDPWD=/Users/gospellekia/DynamoGas
    PAGER=less
    PATH=/Users/gospellekia/DynamoGas/venv/bin:/Users/gospellekia/go/bin:~/.composer/vendor/bin:/usr/local/opt/php@7.4/bin:/usr/local/bin:/usr/bin:/bin:/usr/sbin:/sbin:/usr/local/go/bin
    PS1=(venv) %(?:%{[01;32m%}âœ :%{[01;31m%}âœ ) %{$fg[cyan]%}%c%{$reset_color%} $(git_prompt_info)
    PWD=/Users/gospellekia/DynamoGas/dynamosgas
    SHELL=/bin/zsh
    SHLVL=1
    SSH_AUTH_SOCK=/private/tmp/com.apple.launchd.1Elhg8upVo/Listeners
    TERM=xterm-256color
    TERM_PROGRAM=Apple_Terminal
    TERM_PROGRAM_VERSION=443
    TERM_SESSION_ID=C4AD8D33-B403-4CC3-B96A-7B1CC0393E5E
    TMPDIR=/var/folders/dw/kqg8_h6565lgym0qq9s2dn3r0000gn/T/
    USER=gospellekia
    VIRTUAL_ENV=/Users/gospellekia/DynamoGas/venv
    XPC_FLAGS=0x0
    XPC_SERVICE_NAME=0
    ZSH=/Users/gospellekia/.oh-my-zsh
    _=/Users/gospellekia/DynamoGas/venv/bin/briefcase
    __CFBundleIdentifier=com.apple.Terminal
    __CF_USER_TEXT_ENCODING=0x1F5:0x0:0x0

Briefcase Log:
[21:28:29]                                                                                                                                                                dev.py:147
           [dynamosgas] Starting in dev mode...                                                                                                                           dev.py:147
                                                                                                                                                                   subprocess.py:433
           >>> Running Command:                                                                                                                                    subprocess.py:434
           >>>     /Users/gospellekia/DynamoGas/venv/bin/python3 -m dynamosgas                                                                                     subprocess.py:435
           >>> Environment Overrides:                                                                                                                              subprocess.py:446
           >>>     PYTHONPATH=src                                                                                                                                  subprocess.py:448
           >>> Return code: 1                                                                                                                                      subprocess.py:464
                                                                                                                                                                      __main__.py:21
           Unable to start application 'dynamosgas'                                                                                                                   __main__.py:22

â•­â”€â”€â”€â”€â”€â”€â”€â”€â”€â”€â”€â”€â”€â”€â”€â”€â”€â”€â”€â”€â”€â”€â”€â”€â”€â”€â”€â”€â”€â”€â”€â”€â”€â”€â”€â”€â”€â”€â”€â”€â”€â”€â”€â”€â”€â”€â”€â”€â”€â”€â”€â”€â”€â”€â”€â”€â”€â”€â”€â”€â”€â”€â”€â”€â”€â”€â”€â”€â”€â”€â”€ Traceback (most recent call last) â”€â”€â”€â”€â”€â”€â”€â”€â”€â”€â”€â”€â”€â”€â”€â”€â”€â”€â”€â”€â”€â”€â”€â”€â”€â”€â”€â”€â”€â”€â”€â”€â”€â”€â”€â”€â”€â”€â”€â”€â”€â”€â”€â”€â”€â”€â”€â”€â”€â”€â”€â”€â”€â”€â”€â”€â”€â”€â”€â”€â”€â”€â”€â”€â”€â”€â”€â”€â”€â”€â”€â”€â•®
â”‚ /Users/gospellekia/DynamoGas/venv/lib/python3.9/site-packages/briefcase/commands/dev.py:88 in run_dev_app                                                                        â”‚
â”‚                                                                                                                                                                                  â”‚
â”‚    85 â”‚   â”‚   """                                                                             â•­â”€â”€â”€â”€â”€â”€â”€â”€â”€â”€â”€â”€â”€â”€â”€â”€â”€â”€â”€â”€â”€â”€â”€â”€â”€â”€â”€â”€â”€â”€ locals â”€â”€â”€â”€â”€â”€â”€â”€â”€â”€â”€â”€â”€â”€â”€â”€â”€â”€â”€â”€â”€â”€â”€â”€â”€â”€â”€â”€â”€â”€â”€â•®            â”‚
â”‚    86 â”‚   â”‚   try:                                                                            â”‚     app = <com.dynamogroup.dynamosgas v0.0.1 AppConfig>             â”‚            â”‚
â”‚    87 â”‚   â”‚   â”‚   # Invoke the app.                                                           â”‚     env = {'PYTHONPATH': 'src'}                                     â”‚            â”‚
â”‚ â±  88 â”‚   â”‚   â”‚   self.subprocess.run(                                                        â”‚ options = {}                                                        â”‚            â”‚
â”‚    89 â”‚   â”‚   â”‚   â”‚   [sys.executable, "-m", app.module_name],                                â”‚    self = <briefcase.commands.dev.DevCommand object at 0x10d2efbe0> â”‚            â”‚
â”‚    90 â”‚   â”‚   â”‚   â”‚   env=env,                                                                â•°â”€â”€â”€â”€â”€â”€â”€â”€â”€â”€â”€â”€â”€â”€â”€â”€â”€â”€â”€â”€â”€â”€â”€â”€â”€â”€â”€â”€â”€â”€â”€â”€â”€â”€â”€â”€â”€â”€â”€â”€â”€â”€â”€â”€â”€â”€â”€â”€â”€â”€â”€â”€â”€â”€â”€â”€â”€â”€â”€â”€â”€â”€â”€â”€â”€â”€â”€â”€â”€â•¯            â”‚
â”‚    91 â”‚   â”‚   â”‚   â”‚   check=True,                                                                                                                                                â”‚
â”‚                                                                                                                                                                                  â”‚
â”‚ /Users/gospellekia/DynamoGas/venv/lib/python3.9/site-packages/briefcase/integrations/subprocess.py:223 in run                                                                    â”‚
â”‚                                                                                                                                                                                  â”‚
â”‚   220 â”‚   â”‚   self._log_environment(kwargs.get("env"))                                                                                                                           â”‚
â”‚   221 â”‚   â”‚                                                                                                                                                                      â”‚
â”‚   222 â”‚   â”‚   try:                                                                                                                                                               â”‚
â”‚ â± 223 â”‚   â”‚   â”‚   command_result = self._subprocess.run(                                                                                                                         â”‚
â”‚   224 â”‚   â”‚   â”‚   â”‚   [str(arg) for arg in args], **self.final_kwargs(**kwargs)                                                                                                  â”‚
â”‚   225 â”‚   â”‚   â”‚   )                                                                                                                                                              â”‚
â”‚   226 â”‚   â”‚   except subprocess.CalledProcessError as e:                                                                                                                         â”‚
â”‚                                                                                                                                                                                  â”‚
â”‚ â•­â”€â”€â”€â”€â”€â”€â”€â”€â”€â”€â”€â”€â”€â”€â”€â”€â”€â”€â”€â”€â”€â”€â”€â”€â”€â”€â”€â”€â”€â”€â”€â”€â”€â”€â”€â”€â”€â”€â”€â”€â”€â”€â”€ locals â”€â”€â”€â”€â”€â”€â”€â”€â”€â”€â”€â”€â”€â”€â”€â”€â”€â”€â”€â”€â”€â”€â”€â”€â”€â”€â”€â”€â”€â”€â”€â”€â”€â”€â”€â”€â”€â”€â”€â”€â”€â”€â”€â•®                                                                                 â”‚
â”‚ â”‚                 args = ['/Users/gospellekia/DynamoGas/venv/bin/python3', '-m', 'dynamosgas'] â”‚                                                                                 â”‚
â”‚ â”‚ is_output_redirected = None                                                                  â”‚                                                                                 â”‚
â”‚ â”‚               kwargs = {'env': {'PYTHONPATH': 'src'}, 'check': True}                         â”‚                                                                                 â”‚
â”‚ â”‚                 self = <briefcase.integrations.subprocess.Subprocess object at 0x10f004ee0>  â”‚                                                                                 â”‚
â”‚ â”‚        stream_output = False                                                                 â”‚                                                                                 â”‚
â”‚ â•°â”€â”€â”€â”€â”€â”€â”€â”€â”€â”€â”€â”€â”€â”€â”€â”€â”€â”€â”€â”€â”€â”€â”€â”€â”€â”€â”€â”€â”€â”€â”€â”€â”€â”€â”€â”€â”€â”€â”€â”€â”€â”€â”€â”€â”€â”€â”€â”€â”€â”€â”€â”€â”€â”€â”€â”€â”€â”€â”€â”€â”€â”€â”€â”€â”€â”€â”€â”€â”€â”€â”€â”€â”€â”€â”€â”€â”€â”€â”€â”€â”€â”€â”€â”€â”€â”€â”€â”€â”€â”€â”€â”€â”€â”€â•¯                                                                                 â”‚
â”‚                                                                                                                                                                                  â”‚
â”‚ /usr/local/Cellar/python@3.9/3.9.9/Frameworks/Python.framework/Versions/3.9/lib/python3.9/subprocess.py:528 in run                                                               â”‚
â”‚                                                                                                                                                                                  â”‚
â”‚    525 â”‚   â”‚   â”‚   raise                                                                                                                                                         â”‚
â”‚    526 â”‚   â”‚   retcode = process.poll()                                                                                                                                          â”‚
â”‚    527 â”‚   â”‚   if check and retcode:                                                                                                                                             â”‚
â”‚ â±  528 â”‚   â”‚   â”‚   raise CalledProcessError(retcode, process.args,                                                                                                               â”‚
â”‚    529 â”‚   â”‚   â”‚   â”‚   â”‚   â”‚   â”‚   â”‚   â”‚    output=stdout, stderr=stderr)                                                                                                        â”‚
â”‚    530 â”‚   return CompletedProcess(process.args, retcode, stdout, stderr)                                                                                                        â”‚
â”‚    531                                                                                                                                                                           â”‚
â”‚                                                                                                                                                                                  â”‚
â”‚ â•­â”€â”€â”€â”€â”€â”€â”€â”€â”€â”€â”€â”€â”€â”€â”€â”€â”€â”€â”€â”€â”€â”€â”€â”€â”€â”€â”€â”€â”€â”€â”€â”€â”€â”€â”€â”€â”€â”€â”€â”€â”€â”€â”€â”€â”€ locals â”€â”€â”€â”€â”€â”€â”€â”€â”€â”€â”€â”€â”€â”€â”€â”€â”€â”€â”€â”€â”€â”€â”€â”€â”€â”€â”€â”€â”€â”€â”€â”€â”€â”€â”€â”€â”€â”€â”€â”€â”€â”€â”€â”€â”€â”€â•®                                                                            â”‚
â”‚ â”‚ capture_output = False                                                                            â”‚                                                                            â”‚
â”‚ â”‚          check = True                                                                             â”‚                                                                            â”‚
â”‚ â”‚          input = None                                                                             â”‚                                                                            â”‚
â”‚ â”‚         kwargs = {                                                                                â”‚                                                                            â”‚
â”‚ â”‚                  â”‚   'env': {                                                                     â”‚                                                                            â”‚
â”‚ â”‚                  â”‚   â”‚   'TMPDIR': '/var/folders/dw/kqg8_h6565lgym0qq9s2dn3r0000gn/T/',           â”‚                                                                            â”‚
â”‚ â”‚                  â”‚   â”‚   '__CFBundleIdentifier': 'com.apple.Terminal',                            â”‚                                                                            â”‚
â”‚ â”‚                  â”‚   â”‚   'XPC_FLAGS': '0x0',                                                      â”‚                                                                            â”‚
â”‚ â”‚                  â”‚   â”‚   'TERM': 'xterm-256color',                                                â”‚                                                                            â”‚
â”‚ â”‚                  â”‚   â”‚   'SSH_AUTH_SOCK': '/private/tmp/com.apple.launchd.1Elhg8upVo/Listeners',  â”‚                                                                            â”‚
â”‚ â”‚                  â”‚   â”‚   'XPC_SERVICE_NAME': '0',                                                 â”‚                                                                            â”‚
â”‚ â”‚                  â”‚   â”‚   'TERM_PROGRAM': 'Apple_Terminal',                                        â”‚                                                                            â”‚
â”‚ â”‚                  â”‚   â”‚   'TERM_PROGRAM_VERSION': '443',                                           â”‚                                                                            â”‚
â”‚ â”‚                  â”‚   â”‚   'TERM_SESSION_ID': 'C4AD8D33-B403-4CC3-B96A-7B1CC0393E5E',               â”‚                                                                            â”‚
â”‚ â”‚                  â”‚   â”‚   'SHELL': '/bin/zsh',                                                     â”‚                                                                            â”‚
â”‚ â”‚                  â”‚   â”‚   ... +19                                                                  â”‚                                                                            â”‚
â”‚ â”‚                  â”‚   },                                                                           â”‚                                                                            â”‚
â”‚ â”‚                  â”‚   'text': True,                                                                â”‚                                                                            â”‚
â”‚ â”‚                  â”‚   'encoding': 'UTF-8'                                                          â”‚                                                                            â”‚
â”‚ â”‚                  }                                                                                â”‚                                                                            â”‚
â”‚ â”‚      popenargs = (['/Users/gospellekia/DynamoGas/venv/bin/python3', '-m', 'dynamosgas'],)         â”‚                                                                            â”‚
â”‚ â”‚        process = <Popen: returncode: 1 args: ['/Users/gospellekia/DynamoGas/venv/bin/python3'...> â”‚                                                                            â”‚
â”‚ â”‚        retcode = 1                                                                                â”‚                                                                            â”‚
â”‚ â”‚         stderr = None                                                                             â”‚                                                                            â”‚
â”‚ â”‚         stdout = None                                                                             â”‚                                                                            â”‚
â”‚ â”‚        timeout = None                                                                             â”‚                                                                            â”‚
â”‚ â•°â”€â”€â”€â”€â”€â”€â”€â”€â”€â”€â”€â”€â”€â”€â”€â”€â”€â”€â”€â”€â”€â”€â”€â”€â”€â”€â”€â”€â”€â”€â”€â”€â”€â”€â”€â”€â”€â”€â”€â”€â”€â”€â”€â”€â”€â”€â”€â”€â”€â”€â”€â”€â”€â”€â”€â”€â”€â”€â”€â”€â”€â”€â”€â”€â”€â”€â”€â”€â”€â”€â”€â”€â”€â”€â”€â”€â”€â”€â”€â”€â”€â”€â”€â”€â”€â”€â”€â”€â”€â”€â”€â”€â”€â”€â”€â”€â”€â”€â”€â•¯                                                                            â”‚
â•°â”€â”€â”€â”€â”€â”€â”€â”€â”€â”€â”€â”€â”€â”€â”€â”€â”€â”€â”€â”€â”€â”€â”€â”€â”€â”€â”€â”€â”€â”€â”€â”€â”€â”€â”€â”€â”€â”€â”€â”€â”€â”€â”€â”€â”€â”€â”€â”€â”€â”€â”€â”€â”€â”€â”€â”€â”€â”€â”€â”€â”€â”€â”€â”€â”€â”€â”€â”€â”€â”€â”€â”€â”€â”€â”€â”€â”€â”€â”€â”€â”€â”€â”€â”€â”€â”€â”€â”€â”€â”€â”€â”€â”€â”€â”€â”€â”€â”€â”€â”€â”€â”€â”€â”€â”€â”€â”€â”€â”€â”€â”€â”€â”€â”€â”€â”€â”€â”€â”€â”€â”€â”€â”€â”€â”€â”€â”€â”€â”€â”€â”€â”€â”€â”€â”€â”€â”€â”€â”€â”€â”€â”€â”€â”€â”€â”€â”€â”€â”€â”€â”€â”€â”€â”€â”€â”€â”€â”€â”€â”€â”€â”€â”€â”€â”€â”€â”€â”€â”€â”€â”€â”€â”€â”€â”€â”€â”€â”€â•¯
CalledProcessError: Command '['/Users/gospellekia/DynamoGas/venv/bin/python3', '-m', 'dynamosgas']' returned non-zero exit status 1.

The above exception was the direct cause of the following exception:

â•­â”€â”€â”€â”€â”€â”€â”€â”€â”€â”€â”€â”€â”€â”€â”€â”€â”€â”€â”€â”€â”€â”€â”€â”€â”€â”€â”€â”€â”€â”€â”€â”€â”€â”€â”€â”€â”€â”€â”€â”€â”€â”€â”€â”€â”€â”€â”€â”€â”€â”€â”€â”€â”€â”€â”€â”€â”€â”€â”€â”€â”€â”€â”€â”€â”€â”€â”€â”€â”€â”€â”€ Traceback (most recent call last) â”€â”€â”€â”€â”€â”€â”€â”€â”€â”€â”€â”€â”€â”€â”€â”€â”€â”€â”€â”€â”€â”€â”€â”€â”€â”€â”€â”€â”€â”€â”€â”€â”€â”€â”€â”€â”€â”€â”€â”€â”€â”€â”€â”€â”€â”€â”€â”€â”€â”€â”€â”€â”€â”€â”€â”€â”€â”€â”€â”€â”€â”€â”€â”€â”€â”€â”€â”€â”€â”€â”€â”€â•®
â”‚ /Users/gospellekia/DynamoGas/venv/lib/python3.9/site-packages/briefcase/__main__.py:14 in main                                                                                   â”‚
â”‚                                                                                                                                                                                  â”‚
â”‚   11 â”‚   try:                                                                                â•­â”€â”€â”€â”€â”€â”€â”€â”€â”€â”€â”€â”€â”€â”€â”€â”€â”€â”€â”€â”€â”€â”€â”€â”€â”€â”€â”€â”€â”€â”€â”€â”€â”€â”€ locals â”€â”€â”€â”€â”€â”€â”€â”€â”€â”€â”€â”€â”€â”€â”€â”€â”€â”€â”€â”€â”€â”€â”€â”€â”€â”€â”€â”€â”€â”€â”€â”€â”€â”€â”€â•®     â”‚
â”‚   12 â”‚   â”‚   command, options = parse_cmdline(sys.argv[1:])                                  â”‚ command = <briefcase.commands.dev.DevCommand object at 0x10d2efbe0>         â”‚     â”‚
â”‚   13 â”‚   â”‚   command.parse_config("pyproject.toml")                                          â”‚       e = BriefcaseCommandError("Unable to start application 'dynamosgas'") â”‚     â”‚
â”‚ â± 14 â”‚   â”‚   command(**options)                                                              â”‚     log = <briefcase.console.Log object at 0x10d2efb50>                     â”‚     â”‚
â”‚   15 â”‚   â”‚   result = 0                                                                      â”‚ options = {'appname': None, 'update_dependencies': False, 'run_app': True}  â”‚     â”‚
â”‚   16 â”‚   except HelpText as e:                                                               â”‚  result = 200                                                               â”‚     â”‚
â”‚   17 â”‚   â”‚   log.info()                                                                      â•°â”€â”€â”€â”€â”€â”€â”€â”€â”€â”€â”€â”€â”€â”€â”€â”€â”€â”€â”€â”€â”€â”€â”€â”€â”€â”€â”€â”€â”€â”€â”€â”€â”€â”€â”€â”€â”€â”€â”€â”€â”€â”€â”€â”€â”€â”€â”€â”€â”€â”€â”€â”€â”€â”€â”€â”€â”€â”€â”€â”€â”€â”€â”€â”€â”€â”€â”€â”€â”€â”€â”€â”€â”€â”€â”€â”€â”€â•¯     â”‚
â”‚                                                                                                                                                                                  â”‚
â”‚ /Users/gospellekia/DynamoGas/venv/lib/python3.9/site-packages/briefcase/commands/dev.py:149 in __call__                                                                          â”‚
â”‚                                                                                                                                                                                  â”‚
â”‚   146 â”‚   â”‚   if run_app:                                                                                                                                                        â”‚
â”‚   147 â”‚   â”‚   â”‚   self.logger.info("Starting in dev mode...", prefix=app.app_name)                                                                                               â”‚
â”‚   148 â”‚   â”‚   â”‚   env = self.get_environment(app)                                                                                                                                â”‚
â”‚ â± 149 â”‚   â”‚   â”‚   return self.run_dev_app(app, env, **options)                                                                                                                   â”‚
â”‚   150                                                                                                                                                                            â”‚
â”‚                                                                                                                                                                                  â”‚
â”‚ â•­â”€â”€â”€â”€â”€â”€â”€â”€â”€â”€â”€â”€â”€â”€â”€â”€â”€â”€â”€â”€â”€â”€â”€â”€â”€â”€â”€â”€â”€â”€â”€â”€â”€â”€â”€â”€â”€â”€â”€â”€â”€â”€â”€â”€â”€â”€ locals â”€â”€â”€â”€â”€â”€â”€â”€â”€â”€â”€â”€â”€â”€â”€â”€â”€â”€â”€â”€â”€â”€â”€â”€â”€â”€â”€â”€â”€â”€â”€â”€â”€â”€â”€â”€â”€â”€â”€â”€â”€â”€â”€â”€â”€â”€â”€â•®                                                                          â”‚
â”‚ â”‚                 app = <com.dynamogroup.dynamosgas v0.0.1 AppConfig>                                 â”‚                                                                          â”‚
â”‚ â”‚             appname = None                                                                          â”‚                                                                          â”‚
â”‚ â”‚      dist_info_path = PosixPath('/Users/gospellekia/DynamoGas/dynamosgas/src/dynamosgas.dist-info') â”‚                                                                          â”‚
â”‚ â”‚                 env = {'PYTHONPATH': 'src'}                                                         â”‚                                                                          â”‚
â”‚ â”‚             options = {}                                                                            â”‚                                                                          â”‚
â”‚ â”‚             run_app = True                                                                          â”‚                                                                          â”‚
â”‚ â”‚                self = <briefcase.commands.dev.DevCommand object at 0x10d2efbe0>                     â”‚                                                                          â”‚
â”‚ â”‚ update_dependencies = False                                                                         â”‚                                                                          â”‚
â”‚ â•°â”€â”€â”€â”€â”€â”€â”€â”€â”€â”€â”€â”€â”€â”€â”€â”€â”€â”€â”€â”€â”€â”€â”€â”€â”€â”€â”€â”€â”€â”€â”€â”€â”€â”€â”€â”€â”€â”€â”€â”€â”€â”€â”€â”€â”€â”€â”€â”€â”€â”€â”€â”€â”€â”€â”€â”€â”€â”€â”€â”€â”€â”€â”€â”€â”€â”€â”€â”€â”€â”€â”€â”€â”€â”€â”€â”€â”€â”€â”€â”€â”€â”€â”€â”€â”€â”€â”€â”€â”€â”€â”€â”€â”€â”€â”€â”€â”€â”€â”€â”€â”€â•¯                                                                          â”‚
â”‚                                                                                                                                                                                  â”‚
â”‚ /Users/gospellekia/DynamoGas/venv/lib/python3.9/site-packages/briefcase/commands/dev.py:94 in run_dev_app                                                                        â”‚
â”‚                                                                                                                                                                                  â”‚
â”‚    91 â”‚   â”‚   â”‚   â”‚   check=True,                                                             â•­â”€â”€â”€â”€â”€â”€â”€â”€â”€â”€â”€â”€â”€â”€â”€â”€â”€â”€â”€â”€â”€â”€â”€â”€â”€â”€â”€â”€â”€â”€ locals â”€â”€â”€â”€â”€â”€â”€â”€â”€â”€â”€â”€â”€â”€â”€â”€â”€â”€â”€â”€â”€â”€â”€â”€â”€â”€â”€â”€â”€â”€â”€â•®            â”‚
â”‚    92 â”‚   â”‚   â”‚   )                                                                           â”‚     app = <com.dynamogroup.dynamosgas v0.0.1 AppConfig>             â”‚            â”‚
â”‚    93 â”‚   â”‚   except subprocess.CalledProcessError as e:                                      â”‚     env = {'PYTHONPATH': 'src'}                                     â”‚            â”‚
â”‚ â±  94 â”‚   â”‚   â”‚   raise BriefcaseCommandError(                                                â”‚ options = {}                                                        â”‚            â”‚
â”‚    95 â”‚   â”‚   â”‚   â”‚   f"Unable to start application '{app.app_name}'"                         â”‚    self = <briefcase.commands.dev.DevCommand object at 0x10d2efbe0> â”‚            â”‚
â”‚    96 â”‚   â”‚   â”‚   ) from e                                                                    â•°â”€â”€â”€â”€â”€â”€â”€â”€â”€â”€â”€â”€â”€â”€â”€â”€â”€â”€â”€â”€â”€â”€â”€â”€â”€â”€â”€â”€â”€â”€â”€â”€â”€â”€â”€â”€â”€â”€â”€â”€â”€â”€â”€â”€â”€â”€â”€â”€â”€â”€â”€â”€â”€â”€â”€â”€â”€â”€â”€â”€â”€â”€â”€â”€â”€â”€â”€â”€â”€â•¯            â”‚
â”‚    97                                                                                                                                                                            â”‚
â•°â”€â”€â”€â”€â”€â”€â”€â”€â”€â”€â”€â”€â”€â”€â”€â”€â”€â”€â”€â”€â”€â”€â”€â”€â”€â”€â”€â”€â”€â”€â”€â”€â”€â”€â”€â”€â”€â”€â”€â”€â”€â”€â”€â”€â”€â”€â”€â”€â”€â”€â”€â”€â”€â”€â”€â”€â”€â”€â”€â”€â”€â”€â”€â”€â”€â”€â”€â”€â”€â”€â”€â”€â”€â”€â”€â”€â”€â”€â”€â”€â”€â”€â”€â”€â”€â”€â”€â”€â”€â”€â”€â”€â”€â”€â”€â”€â”€â”€â”€â”€â”€â”€â”€â”€â”€â”€â”€â”€â”€â”€â”€â”€â”€â”€â”€â”€â”€â”€â”€â”€â”€â”€â”€â”€â”€â”€â”€â”€â”€â”€â”€â”€â”€â”€â”€â”€â”€â”€â”€â”€â”€â”€â”€â”€â”€â”€â”€â”€â”€â”€â”€â”€â”€â”€â”€â”€â”€â”€â”€â”€â”€â”€â”€â”€â”€â”€â”€â”€â”€â”€â”€â”€â”€â”€â”€â”€â”€â”€â•¯
BriefcaseCommandError: Unable to start application 'dynamosgas'
